c:\users\bilic\source\repos\dr\dr\x64\debug\vc143.pdb
c:\users\bilic\source\repos\dr\dr\x64\debug\vc143.idb
c:\users\bilic\source\repos\dr\dr\x64\debug\utils.obj
c:\users\bilic\source\repos\dr\dr\x64\debug\smallcactus.obj
c:\users\bilic\source\repos\dr\dr\x64\debug\obstacle.obj
c:\users\bilic\source\repos\dr\dr\x64\debug\main.obj
c:\users\bilic\source\repos\dr\dr\x64\debug\game.obj
c:\users\bilic\source\repos\dr\dr\x64\debug\dino.obj
c:\users\bilic\source\repos\dr\dr\x64\debug\bigcactus.obj
c:\users\bilic\source\repos\dr\dr\x64\debug\menu.obj
c:\users\bilic\source\repos\dr\x64\debug\dr.exe
c:\users\bilic\source\repos\dr\x64\debug\dr.pdb
c:\users\bilic\source\repos\dr\dr\x64\debug\dr.ilk
c:\users\bilic\source\repos\dr\dr\x64\debug\dr.tlog\cl.command.1.tlog
c:\users\bilic\source\repos\dr\dr\x64\debug\dr.tlog\cl.items.tlog
c:\users\bilic\source\repos\dr\dr\x64\debug\dr.tlog\cl.read.1.tlog
c:\users\bilic\source\repos\dr\dr\x64\debug\dr.tlog\cl.write.1.tlog
c:\users\bilic\source\repos\dr\dr\x64\debug\dr.tlog\link.command.1.tlog
c:\users\bilic\source\repos\dr\dr\x64\debug\dr.tlog\link.read.1.tlog
c:\users\bilic\source\repos\dr\dr\x64\debug\dr.tlog\link.secondary.1.tlog
c:\users\bilic\source\repos\dr\dr\x64\debug\dr.tlog\link.write.1.tlog
