c:\users\bilic\source\repos\dr\dr\x64\release\vc143.pdb
c:\users\bilic\source\repos\dr\dr\x64\release\main_liw.obj
c:\users\bilic\source\repos\dr\dr\x64\release\utils.obj
c:\users\bilic\source\repos\dr\dr\x64\release\smallcactus.obj
c:\users\bilic\source\repos\dr\dr\x64\release\obstacle.obj
c:\users\bilic\source\repos\dr\dr\x64\release\main.obj
c:\users\bilic\source\repos\dr\dr\x64\release\dino.obj
c:\users\bilic\source\repos\dr\dr\x64\release\bigcactus.obj
c:\users\bilic\source\repos\dr\dr\x64\release\game.obj
c:\users\bilic\source\repos\dr\x64\release\dr.exe
c:\users\bilic\source\repos\dr\x64\release\dr.pdb
c:\users\bilic\source\repos\dr\dr\x64\release\dr.ipdb
c:\users\bilic\source\repos\dr\dr\x64\release\dr.iobj
c:\users\bilic\source\repos\dr\dr\x64\release\dr.tlog\cl.command.1.tlog
c:\users\bilic\source\repos\dr\dr\x64\release\dr.tlog\cl.items.tlog
c:\users\bilic\source\repos\dr\dr\x64\release\dr.tlog\cl.read.1.tlog
c:\users\bilic\source\repos\dr\dr\x64\release\dr.tlog\cl.write.1.tlog
c:\users\bilic\source\repos\dr\dr\x64\release\dr.tlog\link.command.1.tlog
c:\users\bilic\source\repos\dr\dr\x64\release\dr.tlog\link.read.1.tlog
c:\users\bilic\source\repos\dr\dr\x64\release\dr.tlog\link.secondary.1.tlog
c:\users\bilic\source\repos\dr\dr\x64\release\dr.tlog\link.write.1.tlog
